# JRE version: 7.0_25-b17
# Java VM: Java HotSpot(TM) 64-Bit Server VM (23.25-b01 mixed mode windows-amd64 compressed oops)
Heap
 PSYoungGen      total 34496K, used 5727K [0x00000000eaab0000, 0x00000000eee10000, 0x0000000100000000)
  eden space 31872K, 9% used [0x00000000eaab0000,0x00000000eadbf668,0x00000000ec9d0000)
  from space 2624K, 98% used [0x00000000ec9d0000,0x00000000ecc58850,0x00000000ecc60000)
  to   space 2624K, 0% used [0x00000000eeb80000,0x00000000eeb80000,0x00000000eee10000)
 ParOldGen       total 42432K, used 8495K [0x00000000c0000000, 0x00000000c2970000, 0x00000000eaab0000)
  object space 42432K, 20% used [0x00000000c0000000,0x00000000c084bd70,0x00000000c2970000)
 PSPermGen       total 21248K, used 5757K [0x00000000bae00000, 0x00000000bc2c0000, 0x00000000c0000000)
  object space 21248K, 27% used [0x00000000bae00000,0x00000000bb39f468,0x00000000bc2c0000)
GC Heap History (6 events):
Event: 3.240 GC heap before
{Heap before GC invocations=1 (full 0):
 PSYoungGen      total 18560K, used 15936K [0x00000000eaab0000, 0x00000000ebf60000, 0x0000000100000000)
  eden space 15936K, 100% used [0x00000000eaab0000,0x00000000eba40000,0x00000000eba40000)
  from space 2624K, 0% used [0x00000000ebcd0000,0x00000000ebcd0000,0x00000000ebf60000)
  to   space 2624K, 0% used [0x00000000eba40000,0x00000000eba40000,0x00000000ebcd0000)
 ParOldGen       total 42432K, used 0K [0x00000000c0000000, 0x00000000c2970000, 0x00000000eaab0000)
  object space 42432K, 0% used [0x00000000c0000000,0x00000000c0000000,0x00000000c2970000)
 PSPermGen       total 21248K, used 5538K [0x00000000bae00000, 0x00000000bc2c0000, 0x00000000c0000000)
  object space 21248K, 26% used [0x00000000bae00000,0x00000000bb368ab0,0x00000000bc2c0000)
Event: 3.295 GC heap after
Heap after GC invocations=1 (full 0):
 PSYoungGen      total 18560K, used 2615K [0x00000000eaab0000, 0x00000000ecef0000, 0x0000000100000000)
  eden space 15936K, 0% used [0x00000000eaab0000,0x00000000eaab0000,0x00000000eba40000)
  from space 2624K, 99% used [0x00000000eba40000,0x00000000ebccdc78,0x00000000ebcd0000)
  to   space 2624K, 0% used [0x00000000ecc60000,0x00000000ecc60000,0x00000000ecef0000)
 ParOldGen       total 42432K, used 1557K [0x00000000c0000000, 0x00000000c2970000, 0x00000000eaab0000)
  object space 42432K, 3% used [0x00000000c0000000,0x00000000c01855d0,0x00000000c2970000)
 PSPermGen       total 21248K, used 5538K [0x00000000bae00000, 0x00000000bc2c0000, 0x00000000c0000000)
  object space 21248K, 26% used [0x00000000bae00000,0x00000000bb368ab0,0x00000000bc2c0000)
}
Event: 4.887 GC heap before
{Heap before GC invocations=2 (full 0):
 PSYoungGen      total 18560K, used 18551K [0x00000000eaab0000, 0x00000000ecef0000, 0x0000000100000000)
  eden space 15936K, 100% used [0x00000000eaab0000,0x00000000eba40000,0x00000000eba40000)
  from space 2624K, 99% used [0x00000000eba40000,0x00000000ebccdc78,0x00000000ebcd0000)
  to   space 2624K, 0% used [0x00000000ecc60000,0x00000000ecc60000,0x00000000ecef0000)
 ParOldGen       total 42432K, used 1557K [0x00000000c0000000, 0x00000000c2970000, 0x00000000eaab0000)
  object space 42432K, 3% used [0x00000000c0000000,0x00000000c01855d0,0x00000000c2970000)
 PSPermGen       total 21248K, used 5699K [0x00000000bae00000, 0x00000000bc2c0000, 0x00000000c0000000)
  object space 21248K, 26% used [0x00000000bae00000,0x00000000bb390e60,0x00000000bc2c0000)
Event: 5.045 GC heap after
Heap after GC invocations=2 (full 0):
 PSYoungGen      total 34496K, used 2599K [0x00000000eaab0000, 0x00000000ecef0000, 0x0000000100000000)
  eden space 31872K, 0% used [0x00000000eaab0000,0x00000000eaab0000,0x00000000ec9d0000)
  from space 2624K, 99% used [0x00000000ecc60000,0x00000000ecee9c78,0x00000000ecef0000)
  to   space 2624K, 0% used [0x00000000ec9d0000,0x00000000ec9d0000,0x00000000ecc60000)
 ParOldGen       total 42432K, used 3799K [0x00000000c0000000, 0x00000000c2970000, 0x00000000eaab0000)
  object space 42432K, 8% used [0x00000000c0000000,0x00000000c03b5c68,0x00000000c2970000)
 PSPermGen       total 21248K, used 5699K [0x00000000bae00000, 0x00000000bc2c0000, 0x00000000c0000000)
  object space 21248K, 26% used [0x00000000bae00000,0x00000000bb390e60,0x00000000bc2c0000)
}
Event: 7.586 GC heap before
{Heap before GC invocations=3 (full 0):
 PSYoungGen      total 34496K, used 34471K [0x00000000eaab0000, 0x00000000ecef0000, 0x0000000100000000)
  eden space 31872K, 100% used [0x00000000eaab0000,0x00000000ec9d0000,0x00000000ec9d0000)
  from space 2624K, 99% used [0x00000000ecc60000,0x00000000ecee9c78,0x00000000ecef0000)
  to   space 2624K, 0% used [0x00000000ec9d0000,0x00000000ec9d0000,0x00000000ecc60000)
 ParOldGen       total 42432K, used 3799K [0x00000000c0000000, 0x00000000c2970000, 0x00000000eaab0000)
  object space 42432K, 8% used [0x00000000c0000000,0x00000000c03b5c68,0x00000000c2970000)
 PSPermGen       total 21248K, used 5753K [0x00000000bae00000, 0x00000000bc2c0000, 0x00000000c0000000)
  object space 21248K, 27% used [0x00000000bae00000,0x00000000bb39e4c0,0x00000000bc2c0000)
Event: 7.602 GC heap after
Heap after GC invocations=3 (full 0):
 PSYoungGen      total 34496K, used 2594K [0x00000000eaab0000, 0x00000000eee10000, 0x0000000100000000)
  eden space 31872K, 0% used [0x00000000eaab0000,0x00000000eaab0000,0x00000000ec9d0000)
  from space 2624K, 98% used [0x00000000ec9d0000,0x00000000ecc58850,0x00000000ecc60000)
  to   space 2624K, 0% used [0x00000000eeb80000,0x00000000eeb80000,0x00000000eee10000)
 ParOldGen       total 42432K, used 8495K [0x00000000c0000000, 0x00000000c2970000, 0x00000000eaab0000)
  object space 42432K, 20% used [0x00000000c0000000,0x00000000c084bd70,0x00000000c2970000)
 PSPermGen       total 21248K, used 5753K [0x00000000bae00000, 0x00000000bc2c0000, 0x00000000c0000000)
  object space 21248K, 27% used [0x00000000bae00000,0x00000000bb39e4c0,0x00000000bc2c0000)
}

